Flow report for PC_AR2130
Mon Nov 21 19:38:16 2022
Quartus Prime Version 17.1.0 Build 590 10/25/2017 SJ Lite Edition


---------------------
; Table of Contents ;
---------------------
  1. Legal Notice
  2. Flow Summary
  3. Flow Settings
  4. Flow Non-Default Global Settings
  5. Flow Elapsed Time
  6. Flow OS Summary
  7. Flow Log
  8. Flow Messages
  9. Flow Suppressed Messages



----------------
; Legal Notice ;
----------------
Copyright (C) 2017  Intel Corporation. All rights reserved.
Your use of Intel Corporation's design tools, logic functions 
and other software and tools, and its AMPP partner logic 
functions, and any output files from any of the foregoing 
(including device programming or simulation files), and any 
associated documentation or information are expressly subject 
to the terms and conditions of the Intel Program License 
Subscription Agreement, the Intel Quartus Prime License Agreement,
the Intel FPGA IP License Agreement, or other applicable license
agreement, including, without limitation, that your use is for
the sole purpose of programming logic devices manufactured by
Intel and sold by Intel or its authorized distributors.  Please
refer to the applicable agreement for further details.



+----------------------------------------------------------------------------------+
; Flow Summary                                                                     ;
+------------------------------------+---------------------------------------------+
; Flow Status                        ; Successful - Mon Nov 21 19:38:16 2022       ;
; Quartus Prime Version              ; 17.1.0 Build 590 10/25/2017 SJ Lite Edition ;
; Revision Name                      ; PC_AR2130                                   ;
; Top-level Entity Name              ; PC_AR2130                                   ;
; Family                             ; Cyclone IV E                                ;
; Device                             ; EP4CE55F23C8                                ;
; Timing Models                      ; Final                                       ;
; Total logic elements               ; 50 / 55,856 ( < 1 % )                       ;
;     Total combinational functions  ; 50 / 55,856 ( < 1 % )                       ;
;     Dedicated logic registers      ; 16 / 55,856 ( < 1 % )                       ;
; Total registers                    ; 16                                          ;
; Total pins                         ; 21 / 325 ( 6 % )                            ;
; Total virtual pins                 ; 0                                           ;
; Total memory bits                  ; 0 / 2,396,160 ( 0 % )                       ;
; Embedded Multiplier 9-bit elements ; 0 / 308 ( 0 % )                             ;
; Total PLLs                         ; 0 / 4 ( 0 % )                               ;
+------------------------------------+---------------------------------------------+


+-----------------------------------------+
; Flow Settings                           ;
+-------------------+---------------------+
; Option            ; Setting             ;
+-------------------+---------------------+
; Start date & time ; 11/21/2022 19:34:57 ;
; Main task         ; Compilation         ;
; Revision Name     ; PC_AR2130           ;
+-------------------+---------------------+


+-------------------------------------------------------------------------------------------------------------------------+
; Flow Non-Default Global Settings                                                                                        ;
+-------------------------------------+----------------------------------------+---------------+-------------+------------+
; Assignment Name                     ; Value                                  ; Default Value ; Entity Name ; Section Id ;
+-------------------------------------+----------------------------------------+---------------+-------------+------------+
; COMPILER_SIGNATURE_ID               ; 1099121531869.166903049632312          ; --            ; --          ; --         ;
; MAX_CORE_JUNCTION_TEMP              ; 85                                     ; --            ; --          ; --         ;
; MIN_CORE_JUNCTION_TEMP              ; 0                                      ; --            ; --          ; --         ;
; MISC_FILE                           ; lpm_counter0.bsf                       ; --            ; --          ; --         ;
; MISC_FILE                           ; lpm_counter0_bb.v                      ; --            ; --          ; --         ;
; NOMINAL_CORE_SUPPLY_VOLTAGE         ; 1.2V                                   ; --            ; --          ; --         ;
; PARTITION_COLOR                     ; -- (Not supported for targeted family) ; --            ; --          ; Top        ;
; PARTITION_FITTER_PRESERVATION_LEVEL ; -- (Not supported for targeted family) ; --            ; --          ; Top        ;
; PARTITION_NETLIST_TYPE              ; -- (Not supported for targeted family) ; --            ; --          ; Top        ;
; PROJECT_OUTPUT_DIRECTORY            ; output_files                           ; --            ; --          ; --         ;
+-------------------------------------+----------------------------------------+---------------+-------------+------------+


+-------------------------------------------------------------------------------------------------------------------------------+
; Flow Elapsed Time                                                                                                             ;
+---------------------------+--------------+-------------------------+---------------------+------------------------------------+
; Module Name               ; Elapsed Time ; Average Processors Used ; Peak Virtual Memory ; Total CPU Time (on all processors) ;
+---------------------------+--------------+-------------------------+---------------------+------------------------------------+
; Analysis & Synthesis      ; 00:00:11     ; 1.0                     ; 4789 MB             ; 00:00:21                           ;
; Fitter                    ; 00:00:08     ; 1.0                     ; 5703 MB             ; 00:00:11                           ;
; Assembler                 ; 00:00:02     ; 1.0                     ; 4672 MB             ; 00:00:02                           ;
; TimeQuest Timing Analyzer ; 00:00:03     ; 1.0                     ; 4813 MB             ; 00:00:03                           ;
; EDA Netlist Writer        ; 00:00:02     ; 1.0                     ; 4623 MB             ; 00:00:01                           ;
; EDA Netlist Writer        ; 00:00:01     ; 1.0                     ; 4632 MB             ; 00:00:01                           ;
; EDA Netlist Writer        ; 00:00:01     ; 1.0                     ; 4623 MB             ; 00:00:01                           ;
; EDA Netlist Writer        ; 00:00:01     ; 1.0                     ; 4632 MB             ; 00:00:01                           ;
; Total                     ; 00:00:29     ; --                      ; --                  ; 00:00:41                           ;
+---------------------------+--------------+-------------------------+---------------------+------------------------------------+


+-----------------------------------------------------------------------------------------+
; Flow OS Summary                                                                         ;
+---------------------------+------------------+------------+------------+----------------+
; Module Name               ; Machine Hostname ; OS Name    ; OS Version ; Processor type ;
+---------------------------+------------------+------------+------------+----------------+
; Analysis & Synthesis      ; XHD-0728         ; Windows 10 ; 10.0       ; x86_64         ;
; Fitter                    ; XHD-0728         ; Windows 10 ; 10.0       ; x86_64         ;
; Assembler                 ; XHD-0728         ; Windows 10 ; 10.0       ; x86_64         ;
; TimeQuest Timing Analyzer ; XHD-0728         ; Windows 10 ; 10.0       ; x86_64         ;
; EDA Netlist Writer        ; XHD-0728         ; Windows 10 ; 10.0       ; x86_64         ;
; EDA Netlist Writer        ; XHD-0728         ; Windows 10 ; 10.0       ; x86_64         ;
; EDA Netlist Writer        ; XHD-0728         ; Windows 10 ; 10.0       ; x86_64         ;
; EDA Netlist Writer        ; XHD-0728         ; Windows 10 ; 10.0       ; x86_64         ;
+---------------------------+------------------+------------+------------+----------------+


------------
; Flow Log ;
------------
quartus_map --read_settings_files=on --write_settings_files=off PC_AR2130 -c PC_AR2130
quartus_fit --read_settings_files=off --write_settings_files=off PC_AR2130 -c PC_AR2130
quartus_asm --read_settings_files=off --write_settings_files=off PC_AR2130 -c PC_AR2130
quartus_sta PC_AR2130 -c PC_AR2130
quartus_eda --gen_testbench --tool=modelsim_oem --format=verilog --write_settings_files=off PC_AR2130 -c PC_AR2130 --vector_source=D:/project/PC_AR2130/Waveform.vwf --testbench_file=D:/project/PC_AR2130/simulation/qsim/Waveform.vwf.vt
quartus_eda --write_settings_files=off --simulation=on --functional=on --flatten_buses=off --tool=modelsim_oem --format=verilog --output_directory=D:/project/PC_AR2130/simulation/qsim/ PC_AR2130 -c PC_AR2130
quartus_eda --gen_testbench --tool=modelsim_oem --format=verilog --write_settings_files=off PC_AR2130 -c PC_AR2130 --vector_source=D:/project/PC_AR2130/Waveform.vwf --testbench_file=D:/project/PC_AR2130/simulation/qsim/Waveform.vwf.vt
quartus_eda --write_settings_files=off --simulation=on --functional=on --flatten_buses=off --tool=modelsim_oem --format=verilog --output_directory=D:/project/PC_AR2130/simulation/qsim/ PC_AR2130 -c PC_AR2130



