Analysis & Synthesis report for Computer2130
Mon Nov 21 20:06:44 2022
Quartus Prime Version 17.1.0 Build 590 10/25/2017 SJ Lite Edition


---------------------
; Table of Contents ;
---------------------
  1. Legal Notice
  2. Analysis & Synthesis Summary
  3. Analysis & Synthesis Settings
  4. Parallel Compilation
  5. Analysis & Synthesis Source Files Read
  6. Analysis & Synthesis Resource Usage Summary
  7. Analysis & Synthesis Resource Utilization by Entity
  8. Analysis & Synthesis RAM Summary
  9. Logic Cells Representing Combinational Loops
 10. General Register Statistics
 11. Multiplexer Restructuring Statistics (Restructuring Performed)
 12. Source assignments for LPM_ROM:inst29|altrom:srom|altsyncram:rom_block|altsyncram_2501:auto_generated
 13. Source assignments for LPM_RAM_DQ:inst17|altram:sram|altsyncram:ram_block|altsyncram_ap71:auto_generated
 14. Parameter Settings for User Entity Instance: LPM_ROM:inst29
 15. Parameter Settings for User Entity Instance: mux2130:inst1|lpm_mux:LPM_MUX_component
 16. Parameter Settings for User Entity Instance: LPM_RAM_DQ:inst17
 17. Parameter Settings for User Entity Instance: BUSMUX:inst22
 18. Parameter Settings for User Entity Instance: lpm_counter0:inst18|lpm_counter:LPM_COUNTER_component
 19. Post-Synthesis Netlist Statistics for Top Partition
 20. Elapsed Time Per Partition
 21. Analysis & Synthesis Messages



----------------
; Legal Notice ;
----------------
Copyright (C) 2017  Intel Corporation. All rights reserved.
Your use of Intel Corporation's design tools, logic functions 
and other software and tools, and its AMPP partner logic 
functions, and any output files from any of the foregoing 
(including device programming or simulation files), and any 
associated documentation or information are expressly subject 
to the terms and conditions of the Intel Program License 
Subscription Agreement, the Intel Quartus Prime License Agreement,
the Intel FPGA IP License Agreement, or other applicable license
agreement, including, without limitation, that your use is for
the sole purpose of programming logic devices manufactured by
Intel and sold by Intel or its authorized distributors.  Please
refer to the applicable agreement for further details.



+----------------------------------------------------------------------------------+
; Analysis & Synthesis Summary                                                     ;
+------------------------------------+---------------------------------------------+
; Analysis & Synthesis Status        ; Successful - Mon Nov 21 20:06:44 2022       ;
; Quartus Prime Version              ; 17.1.0 Build 590 10/25/2017 SJ Lite Edition ;
; Revision Name                      ; Computer2130                                ;
; Top-level Entity Name              ; Computer2130                                ;
; Family                             ; Cyclone IV E                                ;
; Total logic elements               ; 276                                         ;
;     Total combinational functions  ; 223                                         ;
;     Dedicated logic registers      ; 91                                          ;
; Total registers                    ; 91                                          ;
; Total pins                         ; 106                                         ;
; Total virtual pins                 ; 0                                           ;
; Total memory bits                  ; 3,584                                       ;
; Embedded Multiplier 9-bit elements ; 0                                           ;
; Total PLLs                         ; 0                                           ;
+------------------------------------+---------------------------------------------+


+----------------------------------------------------------------------------------------------------------------------+
; Analysis & Synthesis Settings                                                                                        ;
+----------------------------------------------------------------------------+--------------------+--------------------+
; Option                                                                     ; Setting            ; Default Value      ;
+----------------------------------------------------------------------------+--------------------+--------------------+
; Device                                                                     ; EP4CE55F23C8       ;                    ;
; Top-level entity name                                                      ; Computer2130       ; Computer2130       ;
; Family name                                                                ; Cyclone IV E       ; Cyclone V          ;
; Use smart compilation                                                      ; Off                ; Off                ;
; Enable parallel Assembler and TimeQuest Timing Analyzer during compilation ; On                 ; On                 ;
; Enable compact report table                                                ; Off                ; Off                ;
; Restructure Multiplexers                                                   ; Auto               ; Auto               ;
; Create Debugging Nodes for IP Cores                                        ; Off                ; Off                ;
; Preserve fewer node names                                                  ; On                 ; On                 ;
; Intel FPGA IP Evaluation Mode                                              ; Enable             ; Enable             ;
; Verilog Version                                                            ; Verilog_2001       ; Verilog_2001       ;
; VHDL Version                                                               ; VHDL_1993          ; VHDL_1993          ;
; State Machine Processing                                                   ; Auto               ; Auto               ;
; Safe State Machine                                                         ; Off                ; Off                ;
; Extract Verilog State Machines                                             ; On                 ; On                 ;
; Extract VHDL State Machines                                                ; On                 ; On                 ;
; Ignore Verilog initial constructs                                          ; Off                ; Off                ;
; Iteration limit for constant Verilog loops                                 ; 5000               ; 5000               ;
; Iteration limit for non-constant Verilog loops                             ; 250                ; 250                ;
; Add Pass-Through Logic to Inferred RAMs                                    ; On                 ; On                 ;
; Infer RAMs from Raw Logic                                                  ; On                 ; On                 ;
; Parallel Synthesis                                                         ; On                 ; On                 ;
; DSP Block Balancing                                                        ; Auto               ; Auto               ;
; NOT Gate Push-Back                                                         ; On                 ; On                 ;
; Power-Up Don't Care                                                        ; On                 ; On                 ;
; Remove Redundant Logic Cells                                               ; Off                ; Off                ;
; Remove Duplicate Registers                                                 ; On                 ; On                 ;
; Ignore CARRY Buffers                                                       ; Off                ; Off                ;
; Ignore CASCADE Buffers                                                     ; Off                ; Off                ;
; Ignore GLOBAL Buffers                                                      ; Off                ; Off                ;
; Ignore ROW GLOBAL Buffers                                                  ; Off                ; Off                ;
; Ignore LCELL Buffers                                                       ; Off                ; Off                ;
; Ignore SOFT Buffers                                                        ; On                 ; On                 ;
; Limit AHDL Integers to 32 Bits                                             ; Off                ; Off                ;
; Optimization Technique                                                     ; Balanced           ; Balanced           ;
; Carry Chain Length                                                         ; 70                 ; 70                 ;
; Auto Carry Chains                                                          ; On                 ; On                 ;
; Auto Open-Drain Pins                                                       ; On                 ; On                 ;
; Perform WYSIWYG Primitive Resynthesis                                      ; Off                ; Off                ;
; Auto ROM Replacement                                                       ; On                 ; On                 ;
; Auto RAM Replacement                                                       ; On                 ; On                 ;
; Auto DSP Block Replacement                                                 ; On                 ; On                 ;
; Auto Shift Register Replacement                                            ; Auto               ; Auto               ;
; Allow Shift Register Merging across Hierarchies                            ; Auto               ; Auto               ;
; Auto Clock Enable Replacement                                              ; On                 ; On                 ;
; Strict RAM Replacement                                                     ; Off                ; Off                ;
; Allow Synchronous Control Signals                                          ; On                 ; On                 ;
; Force Use of Synchronous Clear Signals                                     ; Off                ; Off                ;
; Auto RAM Block Balancing                                                   ; On                 ; On                 ;
; Auto RAM to Logic Cell Conversion                                          ; Off                ; Off                ;
; Auto Resource Sharing                                                      ; Off                ; Off                ;
; Allow Any RAM Size For Recognition                                         ; Off                ; Off                ;
; Allow Any ROM Size For Recognition                                         ; Off                ; Off                ;
; Allow Any Shift Register Size For Recognition                              ; Off                ; Off                ;
; Use LogicLock Constraints during Resource Balancing                        ; On                 ; On                 ;
; Ignore translate_off and synthesis_off directives                          ; Off                ; Off                ;
; Timing-Driven Synthesis                                                    ; On                 ; On                 ;
; Report Parameter Settings                                                  ; On                 ; On                 ;
; Report Source Assignments                                                  ; On                 ; On                 ;
; Report Connectivity Checks                                                 ; On                 ; On                 ;
; Ignore Maximum Fan-Out Assignments                                         ; Off                ; Off                ;
; Synchronization Register Chain Length                                      ; 2                  ; 2                  ;
; Power Optimization During Synthesis                                        ; Normal compilation ; Normal compilation ;
; HDL message level                                                          ; Level2             ; Level2             ;
; Suppress Register Optimization Related Messages                            ; Off                ; Off                ;
; Number of Removed Registers Reported in Synthesis Report                   ; 5000               ; 5000               ;
; Number of Swept Nodes Reported in Synthesis Report                         ; 5000               ; 5000               ;
; Number of Inverted Registers Reported in Synthesis Report                  ; 100                ; 100                ;
; Clock MUX Protection                                                       ; On                 ; On                 ;
; Auto Gated Clock Conversion                                                ; Off                ; Off                ;
; Block Design Naming                                                        ; Auto               ; Auto               ;
; SDC constraint protection                                                  ; Off                ; Off                ;
; Synthesis Effort                                                           ; Auto               ; Auto               ;
; Shift Register Replacement - Allow Asynchronous Clear Signal               ; On                 ; On                 ;
; Pre-Mapping Resynthesis Optimization                                       ; Off                ; Off                ;
; Analysis & Synthesis Message Level                                         ; Medium             ; Medium             ;
; Disable Register Merging Across Hierarchies                                ; Auto               ; Auto               ;
; Resource Aware Inference For Block RAM                                     ; On                 ; On                 ;
+----------------------------------------------------------------------------+--------------------+--------------------+


+------------------------------------------+
; Parallel Compilation                     ;
+----------------------------+-------------+
; Processors                 ; Number      ;
+----------------------------+-------------+
; Number detected on machine ; 12          ;
; Maximum allowed            ; 6           ;
;                            ;             ;
; Average used               ; 1.00        ;
; Maximum used               ; 6           ;
;                            ;             ;
; Usage by Processor         ; % Time Used ;
;     Processor 1            ; 100.0%      ;
;     Processors 2-6         ;   0.0%      ;
+----------------------------+-------------+


+------------------------------------------------------------------------------------------------------------------------------------------------------------------------------------------+
; Analysis & Synthesis Source Files Read                                                                                                                                                   ;
+----------------------------------+-----------------+------------------------------------------+--------------------------------------------------------------------------------+---------+
; File Name with User-Entered Path ; Used in Netlist ; File Type                                ; File Name with Absolute Path                                                   ; Library ;
+----------------------------------+-----------------+------------------------------------------+--------------------------------------------------------------------------------+---------+
; Computer2130.bdf                 ; yes             ; User Block Diagram/Schematic File        ; D:/project/Computer2130/Computer2130.bdf                                       ;         ;
; decode2_4.bdf                    ; yes             ; Auto-Found Block Diagram/Schematic File  ; D:/project/Computer2130/decode2_4.bdf                                          ;         ;
; lpm_rom.tdf                      ; yes             ; Megafunction                             ; c:/intelfpga_lite/17.1/quartus/libraries/megafunctions/lpm_rom.tdf             ;         ;
; altrom.inc                       ; yes             ; Megafunction                             ; c:/intelfpga_lite/17.1/quartus/libraries/megafunctions/altrom.inc              ;         ;
; aglobal171.inc                   ; yes             ; Megafunction                             ; c:/intelfpga_lite/17.1/quartus/libraries/megafunctions/aglobal171.inc          ;         ;
; altrom.tdf                       ; yes             ; Megafunction                             ; c:/intelfpga_lite/17.1/quartus/libraries/megafunctions/altrom.tdf              ;         ;
; memmodes.inc                     ; yes             ; Megafunction                             ; c:/intelfpga_lite/17.1/quartus/libraries/others/maxplus2/memmodes.inc          ;         ;
; lpm_decode.inc                   ; yes             ; Megafunction                             ; c:/intelfpga_lite/17.1/quartus/libraries/megafunctions/lpm_decode.inc          ;         ;
; lpm_mux.inc                      ; yes             ; Megafunction                             ; c:/intelfpga_lite/17.1/quartus/libraries/megafunctions/lpm_mux.inc             ;         ;
; altsyncram.inc                   ; yes             ; Megafunction                             ; c:/intelfpga_lite/17.1/quartus/libraries/megafunctions/altsyncram.inc          ;         ;
; altsyncram.tdf                   ; yes             ; Megafunction                             ; c:/intelfpga_lite/17.1/quartus/libraries/megafunctions/altsyncram.tdf          ;         ;
; stratix_ram_block.inc            ; yes             ; Megafunction                             ; c:/intelfpga_lite/17.1/quartus/libraries/megafunctions/stratix_ram_block.inc   ;         ;
; a_rdenreg.inc                    ; yes             ; Megafunction                             ; c:/intelfpga_lite/17.1/quartus/libraries/megafunctions/a_rdenreg.inc           ;         ;
; altram.inc                       ; yes             ; Megafunction                             ; c:/intelfpga_lite/17.1/quartus/libraries/megafunctions/altram.inc              ;         ;
; altdpram.inc                     ; yes             ; Megafunction                             ; c:/intelfpga_lite/17.1/quartus/libraries/megafunctions/altdpram.inc            ;         ;
; db/altsyncram_2501.tdf           ; yes             ; Auto-Generated Megafunction              ; D:/project/Computer2130/db/altsyncram_2501.tdf                                 ;         ;
; ucode.hex                        ; yes             ; Auto-Found Memory Initialization File    ; D:/project/Computer2130/ucode.hex                                              ;         ;
; timing.bdf                       ; yes             ; Auto-Found Block Diagram/Schematic File  ; D:/project/Computer2130/timing.bdf                                             ;         ;
; 21mux.bdf                        ; yes             ; Megafunction                             ; c:/intelfpga_lite/17.1/quartus/libraries/others/maxplus2/21mux.bdf             ;         ;
; uarreg.bdf                       ; yes             ; Auto-Found Block Diagram/Schematic File  ; D:/project/Computer2130/uarreg.bdf                                             ;         ;
; ucontrol.bdf                     ; yes             ; Auto-Found Block Diagram/Schematic File  ; D:/project/Computer2130/ucontrol.bdf                                           ;         ;
; alu2130.bdf                      ; yes             ; Auto-Found Block Diagram/Schematic File  ; D:/project/Computer2130/alu2130.bdf                                            ;         ;
; 74181.bdf                        ; yes             ; Megafunction                             ; c:/intelfpga_lite/17.1/quartus/libraries/others/maxplus2/74181.bdf             ;         ;
; register2130.bdf                 ; yes             ; Auto-Found Block Diagram/Schematic File  ; D:/project/Computer2130/register2130.bdf                                       ;         ;
; decodea.bdf                      ; yes             ; Auto-Found Block Diagram/Schematic File  ; D:/project/Computer2130/decodea.bdf                                            ;         ;
; mux2130.v                        ; yes             ; Auto-Found Wizard-Generated File         ; D:/project/Computer2130/mux2130.v                                              ;         ;
; lpm_mux.tdf                      ; yes             ; Megafunction                             ; c:/intelfpga_lite/17.1/quartus/libraries/megafunctions/lpm_mux.tdf             ;         ;
; muxlut.inc                       ; yes             ; Megafunction                             ; c:/intelfpga_lite/17.1/quartus/libraries/megafunctions/muxlut.inc              ;         ;
; bypassff.inc                     ; yes             ; Megafunction                             ; c:/intelfpga_lite/17.1/quartus/libraries/megafunctions/bypassff.inc            ;         ;
; altshift.inc                     ; yes             ; Megafunction                             ; c:/intelfpga_lite/17.1/quartus/libraries/megafunctions/altshift.inc            ;         ;
; db/mux_mrc.tdf                   ; yes             ; Auto-Generated Megafunction              ; D:/project/Computer2130/db/mux_mrc.tdf                                         ;         ;
; lpm_ram_dq.tdf                   ; yes             ; Megafunction                             ; c:/intelfpga_lite/17.1/quartus/libraries/megafunctions/lpm_ram_dq.tdf          ;         ;
; altram.tdf                       ; yes             ; Megafunction                             ; c:/intelfpga_lite/17.1/quartus/libraries/megafunctions/altram.tdf              ;         ;
; db/altsyncram_ap71.tdf           ; yes             ; Auto-Generated Megafunction              ; D:/project/Computer2130/db/altsyncram_ap71.tdf                                 ;         ;
; busmux.tdf                       ; yes             ; Megafunction                             ; c:/intelfpga_lite/17.1/quartus/libraries/megafunctions/busmux.tdf              ;         ;
; db/mux_erc.tdf                   ; yes             ; Auto-Generated Megafunction              ; D:/project/Computer2130/db/mux_erc.tdf                                         ;         ;
; decodeb.bdf                      ; yes             ; Auto-Found Block Diagram/Schematic File  ; D:/project/Computer2130/decodeb.bdf                                            ;         ;
; lpm_counter0.v                   ; yes             ; Auto-Found Wizard-Generated File         ; D:/project/Computer2130/lpm_counter0.v                                         ;         ;
; lpm_counter.tdf                  ; yes             ; Megafunction                             ; c:/intelfpga_lite/17.1/quartus/libraries/megafunctions/lpm_counter.tdf         ;         ;
; lpm_constant.inc                 ; yes             ; Megafunction                             ; c:/intelfpga_lite/17.1/quartus/libraries/megafunctions/lpm_constant.inc        ;         ;
; lpm_add_sub.inc                  ; yes             ; Megafunction                             ; c:/intelfpga_lite/17.1/quartus/libraries/megafunctions/lpm_add_sub.inc         ;         ;
; cmpconst.inc                     ; yes             ; Megafunction                             ; c:/intelfpga_lite/17.1/quartus/libraries/megafunctions/cmpconst.inc            ;         ;
; lpm_compare.inc                  ; yes             ; Megafunction                             ; c:/intelfpga_lite/17.1/quartus/libraries/megafunctions/lpm_compare.inc         ;         ;
; lpm_counter.inc                  ; yes             ; Megafunction                             ; c:/intelfpga_lite/17.1/quartus/libraries/megafunctions/lpm_counter.inc         ;         ;
; dffeea.inc                       ; yes             ; Megafunction                             ; c:/intelfpga_lite/17.1/quartus/libraries/megafunctions/dffeea.inc              ;         ;
; alt_counter_stratix.inc          ; yes             ; Megafunction                             ; c:/intelfpga_lite/17.1/quartus/libraries/megafunctions/alt_counter_stratix.inc ;         ;
; db/cntr_b6j.tdf                  ; yes             ; Auto-Generated Megafunction              ; D:/project/Computer2130/db/cntr_b6j.tdf                                        ;         ;
; decodec.bdf                      ; yes             ; Auto-Found Block Diagram/Schematic File  ; D:/project/Computer2130/decodec.bdf                                            ;         ;
; registers_3.bdf                  ; yes             ; Auto-Found Block Diagram/Schematic File  ; D:/project/Computer2130/registers_3.bdf                                        ;         ;
; regcontrol.bdf                   ; yes             ; Auto-Found Block Diagram/Schematic File  ; D:/project/Computer2130/regcontrol.bdf                                         ;         ;
; sheft.vhd                        ; yes             ; Auto-Found VHDL File                     ; D:/project/Computer2130/sheft.vhd                                              ;         ;
; 74148.bdf                        ; yes             ; Megafunction                             ; c:/intelfpga_lite/17.1/quartus/libraries/others/maxplus2/74148.bdf             ;         ;
+----------------------------------+-----------------+------------------------------------------+--------------------------------------------------------------------------------+---------+


+----------------------------------------------------------+
; Analysis & Synthesis Resource Usage Summary              ;
+---------------------------------------------+------------+
; Resource                                    ; Usage      ;
+---------------------------------------------+------------+
; Estimated Total logic elements              ; 276        ;
;                                             ;            ;
; Total combinational functions               ; 223        ;
; Logic element usage by number of LUT inputs ;            ;
;     -- 4 input functions                    ; 113        ;
;     -- 3 input functions                    ; 66         ;
;     -- <=2 input functions                  ; 44         ;
;                                             ;            ;
; Logic elements by mode                      ;            ;
;     -- normal mode                          ; 216        ;
;     -- arithmetic mode                      ; 7          ;
;                                             ;            ;
; Total registers                             ; 91         ;
;     -- Dedicated logic registers            ; 91         ;
;     -- I/O registers                        ; 0          ;
;                                             ;            ;
; I/O pins                                    ; 106        ;
; Total memory bits                           ; 3584       ;
;                                             ;            ;
; Embedded Multiplier 9-bit elements          ; 0          ;
;                                             ;            ;
; Maximum fan-out node                        ; RST1~input ;
; Maximum fan-out                             ; 33         ;
; Total fan-out                               ; 1407       ;
; Average fan-out                             ; 2.52       ;
+---------------------------------------------+------------+


+------------------------------------------------------------------------------------------------------------------------------------------------------------------------------------------------------------------------------------------------------------------------------------------------------------+
; Analysis & Synthesis Resource Utilization by Entity                                                                                                                                                                                                                                                        ;
+----------------------------------------------+---------------------+---------------------------+-------------+--------------+---------+-----------+------+--------------+-------------------------------------------------------------------------------------------------+-----------------+--------------+
; Compilation Hierarchy Node                   ; Combinational ALUTs ; Dedicated Logic Registers ; Memory Bits ; DSP Elements ; DSP 9x9 ; DSP 18x18 ; Pins ; Virtual Pins ; Full Hierarchy Name                                                                             ; Entity Name     ; Library Name ;
+----------------------------------------------+---------------------+---------------------------+-------------+--------------+---------+-----------+------+--------------+-------------------------------------------------------------------------------------------------+-----------------+--------------+
; |Computer2130                                ; 223 (7)             ; 91 (0)                    ; 3584        ; 0            ; 0       ; 0         ; 106  ; 0            ; |Computer2130                                                                                   ; Computer2130    ; work         ;
;    |74148:inst19|                            ; 5 (5)               ; 0 (0)                     ; 0           ; 0            ; 0       ; 0         ; 0    ; 0            ; |Computer2130|74148:inst19                                                                      ; 74148           ; work         ;
;    |Registers_3:inst2|                       ; 4 (4)               ; 24 (0)                    ; 0           ; 0            ; 0       ; 0         ; 0    ; 0            ; |Computer2130|Registers_3:inst2                                                                 ; Registers_3     ; work         ;
;       |register2130:inst10|                  ; 0 (0)               ; 8 (8)                     ; 0           ; 0            ; 0       ; 0         ; 0    ; 0            ; |Computer2130|Registers_3:inst2|register2130:inst10                                             ; register2130    ; work         ;
;       |register2130:inst11|                  ; 0 (0)               ; 8 (8)                     ; 0           ; 0            ; 0       ; 0         ; 0    ; 0            ; |Computer2130|Registers_3:inst2|register2130:inst11                                             ; register2130    ; work         ;
;       |register2130:inst1|                   ; 0 (0)               ; 8 (8)                     ; 0           ; 0            ; 0       ; 0         ; 0    ; 0            ; |Computer2130|Registers_3:inst2|register2130:inst1                                              ; register2130    ; work         ;
;    |SHEFT:inst16|                            ; 29 (29)             ; 8 (8)                     ; 0           ; 0            ; 0       ; 0         ; 0    ; 0            ; |Computer2130|SHEFT:inst16                                                                      ; SHEFT           ; work         ;
;    |Timing:inst20|                           ; 2 (2)               ; 5 (5)                     ; 0           ; 0            ; 0       ; 0         ; 0    ; 0            ; |Computer2130|Timing:inst20                                                                     ; Timing          ; work         ;
;    |alu2130:inst37|                          ; 36 (0)              ; 0 (0)                     ; 0           ; 0            ; 0       ; 0         ; 0    ; 0            ; |Computer2130|alu2130:inst37                                                                    ; alu2130         ; work         ;
;       |74181:inst1|                          ; 18 (18)             ; 0 (0)                     ; 0           ; 0            ; 0       ; 0         ; 0    ; 0            ; |Computer2130|alu2130:inst37|74181:inst1                                                        ; 74181           ; work         ;
;       |74181:inst|                           ; 18 (18)             ; 0 (0)                     ; 0           ; 0            ; 0       ; 0         ; 0    ; 0            ; |Computer2130|alu2130:inst37|74181:inst                                                         ; 74181           ; work         ;
;    |busmux:inst22|                           ; 8 (0)               ; 0 (0)                     ; 0           ; 0            ; 0       ; 0         ; 0    ; 0            ; |Computer2130|busmux:inst22                                                                     ; busmux          ; work         ;
;       |lpm_mux:$00000|                       ; 8 (0)               ; 0 (0)                     ; 0           ; 0            ; 0       ; 0         ; 0    ; 0            ; |Computer2130|busmux:inst22|lpm_mux:$00000                                                      ; lpm_mux         ; work         ;
;          |mux_erc:auto_generated|            ; 8 (8)               ; 0 (0)                     ; 0           ; 0            ; 0       ; 0         ; 0    ; 0            ; |Computer2130|busmux:inst22|lpm_mux:$00000|mux_erc:auto_generated                               ; mux_erc         ; work         ;
;    |decode2_4:inst21|                        ; 3 (3)               ; 0 (0)                     ; 0           ; 0            ; 0       ; 0         ; 0    ; 0            ; |Computer2130|decode2_4:inst21                                                                  ; decode2_4       ; work         ;
;    |decodea:inst13|                          ; 6 (6)               ; 0 (0)                     ; 0           ; 0            ; 0       ; 0         ; 0    ; 0            ; |Computer2130|decodea:inst13                                                                    ; decodea         ; work         ;
;    |decodeb:inst23|                          ; 5 (5)               ; 0 (0)                     ; 0           ; 0            ; 0       ; 0         ; 0    ; 0            ; |Computer2130|decodeb:inst23                                                                    ; decodeb         ; work         ;
;    |decodec:inst25|                          ; 5 (5)               ; 0 (0)                     ; 0           ; 0            ; 0       ; 0         ; 0    ; 0            ; |Computer2130|decodec:inst25                                                                    ; decodec         ; work         ;
;    |lpm_counter0:inst18|                     ; 42 (0)              ; 8 (0)                     ; 0           ; 0            ; 0       ; 0         ; 0    ; 0            ; |Computer2130|lpm_counter0:inst18                                                               ; lpm_counter0    ; work         ;
;       |lpm_counter:LPM_COUNTER_component|    ; 42 (0)              ; 8 (0)                     ; 0           ; 0            ; 0       ; 0         ; 0    ; 0            ; |Computer2130|lpm_counter0:inst18|lpm_counter:LPM_COUNTER_component                             ; lpm_counter     ; work         ;
;          |cntr_b6j:auto_generated|           ; 42 (42)             ; 8 (8)                     ; 0           ; 0            ; 0       ; 0         ; 0    ; 0            ; |Computer2130|lpm_counter0:inst18|lpm_counter:LPM_COUNTER_component|cntr_b6j:auto_generated     ; cntr_b6j        ; work         ;
;    |lpm_ram_dq:inst17|                       ; 0 (0)               ; 0 (0)                     ; 2048        ; 0            ; 0       ; 0         ; 0    ; 0            ; |Computer2130|lpm_ram_dq:inst17                                                                 ; lpm_ram_dq      ; work         ;
;       |altram:sram|                          ; 0 (0)               ; 0 (0)                     ; 2048        ; 0            ; 0       ; 0         ; 0    ; 0            ; |Computer2130|lpm_ram_dq:inst17|altram:sram                                                     ; altram          ; work         ;
;          |altsyncram:ram_block|              ; 0 (0)               ; 0 (0)                     ; 2048        ; 0            ; 0       ; 0         ; 0    ; 0            ; |Computer2130|lpm_ram_dq:inst17|altram:sram|altsyncram:ram_block                                ; altsyncram      ; work         ;
;             |altsyncram_ap71:auto_generated| ; 0 (0)               ; 0 (0)                     ; 2048        ; 0            ; 0       ; 0         ; 0    ; 0            ; |Computer2130|lpm_ram_dq:inst17|altram:sram|altsyncram:ram_block|altsyncram_ap71:auto_generated ; altsyncram_ap71 ; work         ;
;    |lpm_rom:inst29|                          ; 0 (0)               ; 0 (0)                     ; 1536        ; 0            ; 0       ; 0         ; 0    ; 0            ; |Computer2130|lpm_rom:inst29                                                                    ; lpm_rom         ; work         ;
;       |altrom:srom|                          ; 0 (0)               ; 0 (0)                     ; 1536        ; 0            ; 0       ; 0         ; 0    ; 0            ; |Computer2130|lpm_rom:inst29|altrom:srom                                                        ; altrom          ; work         ;
;          |altsyncram:rom_block|              ; 0 (0)               ; 0 (0)                     ; 1536        ; 0            ; 0       ; 0         ; 0    ; 0            ; |Computer2130|lpm_rom:inst29|altrom:srom|altsyncram:rom_block                                   ; altsyncram      ; work         ;
;             |altsyncram_2501:auto_generated| ; 0 (0)               ; 0 (0)                     ; 1536        ; 0            ; 0       ; 0         ; 0    ; 0            ; |Computer2130|lpm_rom:inst29|altrom:srom|altsyncram:rom_block|altsyncram_2501:auto_generated    ; altsyncram_2501 ; work         ;
;    |mux2130:inst1|                           ; 40 (0)              ; 0 (0)                     ; 0           ; 0            ; 0       ; 0         ; 0    ; 0            ; |Computer2130|mux2130:inst1                                                                     ; mux2130         ; work         ;
;       |lpm_mux:LPM_MUX_component|            ; 40 (0)              ; 0 (0)                     ; 0           ; 0            ; 0       ; 0         ; 0    ; 0            ; |Computer2130|mux2130:inst1|lpm_mux:LPM_MUX_component                                           ; lpm_mux         ; work         ;
;          |mux_mrc:auto_generated|            ; 40 (40)             ; 0 (0)                     ; 0           ; 0            ; 0       ; 0         ; 0    ; 0            ; |Computer2130|mux2130:inst1|lpm_mux:LPM_MUX_component|mux_mrc:auto_generated                    ; mux_mrc         ; work         ;
;    |register2130:inst24|                     ; 0 (0)               ; 8 (8)                     ; 0           ; 0            ; 0       ; 0         ; 0    ; 0            ; |Computer2130|register2130:inst24                                                               ; register2130    ; work         ;
;    |register2130:inst28|                     ; 0 (0)               ; 8 (8)                     ; 0           ; 0            ; 0       ; 0         ; 0    ; 0            ; |Computer2130|register2130:inst28                                                               ; register2130    ; work         ;
;    |register2130:inst34|                     ; 0 (0)               ; 8 (8)                     ; 0           ; 0            ; 0       ; 0         ; 0    ; 0            ; |Computer2130|register2130:inst34                                                               ; register2130    ; work         ;
;    |register2130:inst35|                     ; 0 (0)               ; 8 (8)                     ; 0           ; 0            ; 0       ; 0         ; 0    ; 0            ; |Computer2130|register2130:inst35                                                               ; register2130    ; work         ;
;    |register2130:inst36|                     ; 0 (0)               ; 8 (8)                     ; 0           ; 0            ; 0       ; 0         ; 0    ; 0            ; |Computer2130|register2130:inst36                                                               ; register2130    ; work         ;
;    |uARReg:inst27|                           ; 20 (20)             ; 6 (6)                     ; 0           ; 0            ; 0       ; 0         ; 0    ; 0            ; |Computer2130|uARReg:inst27                                                                     ; uARReg          ; work         ;
;    |uControl:inst26|                         ; 11 (11)             ; 0 (0)                     ; 0           ; 0            ; 0       ; 0         ; 0    ; 0            ; |Computer2130|uControl:inst26                                                                   ; uControl        ; work         ;
+----------------------------------------------+---------------------+---------------------------+-------------+--------------+---------+-----------+------+--------------+-------------------------------------------------------------------------------------------------+-----------------+--------------+
Note: For table entries with two numbers listed, the numbers in parentheses indicate the number of resources of the given type used by the specific entity alone. The numbers listed outside of parentheses indicate the total resources of the given type used by the specific entity and all of its sub-entities in the hierarchy.


+--------------------------------------------------------------------------------------------------------------------------------------------------------------------------------------------------+
; Analysis & Synthesis RAM Summary                                                                                                                                                                 ;
+----------------------------------------------------------------------------------------------+------+-------------+--------------+--------------+--------------+--------------+------+-----------+
; Name                                                                                         ; Type ; Mode        ; Port A Depth ; Port A Width ; Port B Depth ; Port B Width ; Size ; MIF       ;
+----------------------------------------------------------------------------------------------+------+-------------+--------------+--------------+--------------+--------------+------+-----------+
; lpm_ram_dq:inst17|altram:sram|altsyncram:ram_block|altsyncram_ap71:auto_generated|ALTSYNCRAM ; AUTO ; Single Port ; 256          ; 8            ; --           ; --           ; 2048 ; None      ;
; lpm_rom:inst29|altrom:srom|altsyncram:rom_block|altsyncram_2501:auto_generated|ALTSYNCRAM    ; AUTO ; ROM         ; 64           ; 24           ; --           ; --           ; 1536 ; ucode.hex ;
+----------------------------------------------------------------------------------------------+------+-------------+--------------+--------------+--------------+--------------+------+-----------+


+-----------------------------------------------------------------------------------------------------+
; Logic Cells Representing Combinational Loops                                                        ;
+-------------------------------------------------------------------------------------------------+---+
; Logic Cell Name                                                                                 ;   ;
+-------------------------------------------------------------------------------------------------+---+
; lpm_counter0:inst18|lpm_counter:LPM_COUNTER_component|cntr_b6j:auto_generated|latch_signal[7]~0 ;   ;
; lpm_counter0:inst18|lpm_counter:LPM_COUNTER_component|cntr_b6j:auto_generated|latch_signal[6]~1 ;   ;
; lpm_counter0:inst18|lpm_counter:LPM_COUNTER_component|cntr_b6j:auto_generated|latch_signal[5]~2 ;   ;
; lpm_counter0:inst18|lpm_counter:LPM_COUNTER_component|cntr_b6j:auto_generated|latch_signal[4]~3 ;   ;
; lpm_counter0:inst18|lpm_counter:LPM_COUNTER_component|cntr_b6j:auto_generated|latch_signal[3]~4 ;   ;
; lpm_counter0:inst18|lpm_counter:LPM_COUNTER_component|cntr_b6j:auto_generated|latch_signal[2]~5 ;   ;
; lpm_counter0:inst18|lpm_counter:LPM_COUNTER_component|cntr_b6j:auto_generated|latch_signal[1]~6 ;   ;
; lpm_counter0:inst18|lpm_counter:LPM_COUNTER_component|cntr_b6j:auto_generated|latch_signal[0]~7 ;   ;
; Number of logic cells representing combinational loops                                          ; 8 ;
+-------------------------------------------------------------------------------------------------+---+
Note: All cells listed above may not be present at the end of synthesis due to various synthesis optimizations.


+------------------------------------------------------+
; General Register Statistics                          ;
+----------------------------------------------+-------+
; Statistic                                    ; Value ;
+----------------------------------------------+-------+
; Total registers                              ; 91    ;
; Number of registers using Synchronous Clear  ; 0     ;
; Number of registers using Synchronous Load   ; 7     ;
; Number of registers using Asynchronous Clear ; 19    ;
; Number of registers using Asynchronous Load  ; 0     ;
; Number of registers using Clock Enable       ; 0     ;
; Number of registers using Preset             ; 0     ;
+----------------------------------------------+-------+


+--------------------------------------------------------------------------------------------------------------------------------------------------+
; Multiplexer Restructuring Statistics (Restructuring Performed)                                                                                   ;
+--------------------+-----------+---------------+----------------------+------------------------+------------+------------------------------------+
; Multiplexer Inputs ; Bus Width ; Baseline Area ; Area if Restructured ; Saving if Restructured ; Registered ; Example Multiplexer Output         ;
+--------------------+-----------+---------------+----------------------+------------------------+------------+------------------------------------+
; 3:1                ; 7 bits    ; 14 LEs        ; 14 LEs               ; 0 LEs                  ; Yes        ; |Computer2130|SHEFT:inst16|reg8[4] ;
+--------------------+-----------+---------------+----------------------+------------------------+------------+------------------------------------+


+-------------------------------------------------------------------------------------------------------+
; Source assignments for LPM_ROM:inst29|altrom:srom|altsyncram:rom_block|altsyncram_2501:auto_generated ;
+---------------------------------+--------------------+------+-----------------------------------------+
; Assignment                      ; Value              ; From ; To                                      ;
+---------------------------------+--------------------+------+-----------------------------------------+
; OPTIMIZE_POWER_DURING_SYNTHESIS ; NORMAL_COMPILATION ; -    ; -                                       ;
+---------------------------------+--------------------+------+-----------------------------------------+


+----------------------------------------------------------------------------------------------------------+
; Source assignments for LPM_RAM_DQ:inst17|altram:sram|altsyncram:ram_block|altsyncram_ap71:auto_generated ;
+---------------------------------+--------------------+------+--------------------------------------------+
; Assignment                      ; Value              ; From ; To                                         ;
+---------------------------------+--------------------+------+--------------------------------------------+
; OPTIMIZE_POWER_DURING_SYNTHESIS ; NORMAL_COMPILATION ; -    ; -                                          ;
+---------------------------------+--------------------+------+--------------------------------------------+


+-------------------------------------------------------------+
; Parameter Settings for User Entity Instance: LPM_ROM:inst29 ;
+------------------------+--------------+---------------------+
; Parameter Name         ; Value        ; Type                ;
+------------------------+--------------+---------------------+
; LPM_WIDTH              ; 24           ; Untyped             ;
; LPM_WIDTHAD            ; 6            ; Untyped             ;
; LPM_NUMWORDS           ; 64           ; Untyped             ;
; LPM_ADDRESS_CONTROL    ; REGISTERED   ; Untyped             ;
; LPM_OUTDATA            ; UNREGISTERED ; Untyped             ;
; LPM_FILE               ; ucode.hex    ; Untyped             ;
; DEVICE_FAMILY          ; Cyclone IV E ; Untyped             ;
; AUTO_CARRY_CHAINS      ; ON           ; AUTO_CARRY          ;
; IGNORE_CARRY_BUFFERS   ; OFF          ; IGNORE_CARRY        ;
; AUTO_CASCADE_CHAINS    ; ON           ; AUTO_CASCADE        ;
; IGNORE_CASCADE_BUFFERS ; OFF          ; IGNORE_CASCADE      ;
+------------------------+--------------+---------------------+
Note: In order to hide this table in the UI and the text report file, please set the "Show Parameter Settings in Synthesis Report" option in "Analysis and Synthesis Settings -> More Settings" to "Off".


+--------------------------------------------------------------------------------------+
; Parameter Settings for User Entity Instance: mux2130:inst1|lpm_mux:LPM_MUX_component ;
+------------------------+--------------+----------------------------------------------+
; Parameter Name         ; Value        ; Type                                         ;
+------------------------+--------------+----------------------------------------------+
; AUTO_CARRY_CHAINS      ; ON           ; AUTO_CARRY                                   ;
; IGNORE_CARRY_BUFFERS   ; OFF          ; IGNORE_CARRY                                 ;
; AUTO_CASCADE_CHAINS    ; ON           ; AUTO_CASCADE                                 ;
; IGNORE_CASCADE_BUFFERS ; OFF          ; IGNORE_CASCADE                               ;
; LPM_WIDTH              ; 8            ; Signed Integer                               ;
; LPM_SIZE               ; 8            ; Signed Integer                               ;
; LPM_WIDTHS             ; 3            ; Signed Integer                               ;
; LPM_PIPELINE           ; 0            ; Untyped                                      ;
; CBXI_PARAMETER         ; mux_mrc      ; Untyped                                      ;
; DEVICE_FAMILY          ; Cyclone IV E ; Untyped                                      ;
+------------------------+--------------+----------------------------------------------+
Note: In order to hide this table in the UI and the text report file, please set the "Show Parameter Settings in Synthesis Report" option in "Analysis and Synthesis Settings -> More Settings" to "Off".


+----------------------------------------------------------------+
; Parameter Settings for User Entity Instance: LPM_RAM_DQ:inst17 ;
+------------------------+--------------+------------------------+
; Parameter Name         ; Value        ; Type                   ;
+------------------------+--------------+------------------------+
; LPM_WIDTH              ; 8            ; Untyped                ;
; LPM_WIDTHAD            ; 8            ; Untyped                ;
; LPM_NUMWORDS           ; 256          ; Untyped                ;
; LPM_INDATA             ; REGISTERED   ; Untyped                ;
; LPM_ADDRESS_CONTROL    ; REGISTERED   ; Untyped                ;
; LPM_OUTDATA            ; UNREGISTERED ; Untyped                ;
; LPM_FILE               ; UNUSED       ; Untyped                ;
; USE_EAB                ; ON           ; Untyped                ;
; DEVICE_FAMILY          ; Cyclone IV E ; Untyped                ;
; CBXI_PARAMETER         ; NOTHING      ; Untyped                ;
; AUTO_CARRY_CHAINS      ; ON           ; AUTO_CARRY             ;
; IGNORE_CARRY_BUFFERS   ; OFF          ; IGNORE_CARRY           ;
; AUTO_CASCADE_CHAINS    ; ON           ; AUTO_CASCADE           ;
; IGNORE_CASCADE_BUFFERS ; OFF          ; IGNORE_CASCADE         ;
+------------------------+--------------+------------------------+
Note: In order to hide this table in the UI and the text report file, please set the "Show Parameter Settings in Synthesis Report" option in "Analysis and Synthesis Settings -> More Settings" to "Off".


+------------------------------------------------------------+
; Parameter Settings for User Entity Instance: BUSMUX:inst22 ;
+----------------+-------+-----------------------------------+
; Parameter Name ; Value ; Type                              ;
+----------------+-------+-----------------------------------+
; WIDTH          ; 8     ; Untyped                           ;
+----------------+-------+-----------------------------------+
Note: In order to hide this table in the UI and the text report file, please set the "Show Parameter Settings in Synthesis Report" option in "Analysis and Synthesis Settings -> More Settings" to "Off".


+----------------------------------------------------------------------------------------------------+
; Parameter Settings for User Entity Instance: lpm_counter0:inst18|lpm_counter:LPM_COUNTER_component ;
+------------------------+--------------+------------------------------------------------------------+
; Parameter Name         ; Value        ; Type                                                       ;
+------------------------+--------------+------------------------------------------------------------+
; AUTO_CARRY_CHAINS      ; ON           ; AUTO_CARRY                                                 ;
; IGNORE_CARRY_BUFFERS   ; OFF          ; IGNORE_CARRY                                               ;
; AUTO_CASCADE_CHAINS    ; ON           ; AUTO_CASCADE                                               ;
; IGNORE_CASCADE_BUFFERS ; OFF          ; IGNORE_CASCADE                                             ;
; LPM_WIDTH              ; 8            ; Signed Integer                                             ;
; LPM_DIRECTION          ; UP           ; Untyped                                                    ;
; LPM_MODULUS            ; 0            ; Untyped                                                    ;
; LPM_AVALUE             ; UNUSED       ; Untyped                                                    ;
; LPM_SVALUE             ; UNUSED       ; Untyped                                                    ;
; LPM_PORT_UPDOWN        ; PORT_UNUSED  ; Untyped                                                    ;
; DEVICE_FAMILY          ; Cyclone IV E ; Untyped                                                    ;
; CARRY_CHAIN            ; MANUAL       ; Untyped                                                    ;
; CARRY_CHAIN_LENGTH     ; 48           ; CARRY_CHAIN_LENGTH                                         ;
; NOT_GATE_PUSH_BACK     ; ON           ; NOT_GATE_PUSH_BACK                                         ;
; CARRY_CNT_EN           ; SMART        ; Untyped                                                    ;
; LABWIDE_SCLR           ; ON           ; Untyped                                                    ;
; USE_NEW_VERSION        ; TRUE         ; Untyped                                                    ;
; CBXI_PARAMETER         ; cntr_b6j     ; Untyped                                                    ;
+------------------------+--------------+------------------------------------------------------------+
Note: In order to hide this table in the UI and the text report file, please set the "Show Parameter Settings in Synthesis Report" option in "Analysis and Synthesis Settings -> More Settings" to "Off".


+-----------------------------------------------------+
; Post-Synthesis Netlist Statistics for Top Partition ;
+-----------------------+-----------------------------+
; Type                  ; Count                       ;
+-----------------------+-----------------------------+
; boundary_port         ; 106                         ;
; cycloneiii_ff         ; 91                          ;
;     CLR               ; 19                          ;
;     SLD               ; 7                           ;
;     plain             ; 65                          ;
; cycloneiii_lcell_comb ; 238                         ;
;     arith             ; 7                           ;
;         2 data inputs ; 7                           ;
;     normal            ; 231                         ;
;         1 data inputs ; 16                          ;
;         2 data inputs ; 36                          ;
;         3 data inputs ; 66                          ;
;         4 data inputs ; 113                         ;
; cycloneiii_ram_block  ; 32                          ;
;                       ;                             ;
; Max LUT depth         ; 10.00                       ;
; Average LUT depth     ; 4.93                        ;
+-----------------------+-----------------------------+


+-------------------------------+
; Elapsed Time Per Partition    ;
+----------------+--------------+
; Partition Name ; Elapsed Time ;
+----------------+--------------+
; Top            ; 00:00:01     ;
+----------------+--------------+


+-------------------------------+
; Analysis & Synthesis Messages ;
+-------------------------------+
Info: *******************************************************************
Info: Running Quartus Prime Analysis & Synthesis
    Info: Version 17.1.0 Build 590 10/25/2017 SJ Lite Edition
    Info: Processing started: Mon Nov 21 20:06:30 2022
Info: Command: quartus_map --read_settings_files=on --write_settings_files=off Computer2130 -c Computer2130
Warning (18236): Number of processors has not been specified which may cause overloading on shared machines.  Set the global assignment NUM_PARALLEL_PROCESSORS in your QSF to an appropriate value for best performance.
Info (20030): Parallel compilation is enabled and will use 6 of the 6 processors detected
Info (12021): Found 1 design units, including 1 entities, in source file computer2130.bdf
    Info (12023): Found entity 1: Computer2130
Info (12127): Elaborating entity "Computer2130" for the top level hierarchy
Warning (275006): Can't find a definition for parameter LPM_FILE -- assuming ucode.hex was intended to be a quoted string
Warning (12125): Using design file decode2_4.bdf, which is not specified as a design file for the current project, but contains definitions for 1 design units and 1 entities in project
    Info (12023): Found entity 1: decode2_4
Info (12128): Elaborating entity "decode2_4" for hierarchy "decode2_4:inst21"
Info (12128): Elaborating entity "LPM_ROM" for hierarchy "LPM_ROM:inst29"
Info (12130): Elaborated megafunction instantiation "LPM_ROM:inst29"
Info (12133): Instantiated megafunction "LPM_ROM:inst29" with the following parameter:
    Info (12134): Parameter "LPM_FILE" = "ucode.hex"
    Info (12134): Parameter "LPM_OUTDATA" = "UNREGISTERED"
    Info (12134): Parameter "LPM_WIDTH" = "24"
    Info (12134): Parameter "LPM_WIDTHAD" = "6"
Info (12128): Elaborating entity "altrom" for hierarchy "LPM_ROM:inst29|altrom:srom" File: c:/intelfpga_lite/17.1/quartus/libraries/megafunctions/lpm_rom.tdf Line: 54
Info (12131): Elaborated megafunction instantiation "LPM_ROM:inst29|altrom:srom", which is child of megafunction instantiation "LPM_ROM:inst29" File: c:/intelfpga_lite/17.1/quartus/libraries/megafunctions/lpm_rom.tdf Line: 54
Info (12128): Elaborating entity "altsyncram" for hierarchy "LPM_ROM:inst29|altrom:srom|altsyncram:rom_block" File: c:/intelfpga_lite/17.1/quartus/libraries/megafunctions/altrom.tdf Line: 88
Info (12131): Elaborated megafunction instantiation "LPM_ROM:inst29|altrom:srom|altsyncram:rom_block", which is child of megafunction instantiation "LPM_ROM:inst29" File: c:/intelfpga_lite/17.1/quartus/libraries/megafunctions/altrom.tdf Line: 88
Info (12021): Found 1 design units, including 1 entities, in source file db/altsyncram_2501.tdf
    Info (12023): Found entity 1: altsyncram_2501 File: D:/project/Computer2130/db/altsyncram_2501.tdf Line: 27
Info (12128): Elaborating entity "altsyncram_2501" for hierarchy "LPM_ROM:inst29|altrom:srom|altsyncram:rom_block|altsyncram_2501:auto_generated" File: c:/intelfpga_lite/17.1/quartus/libraries/megafunctions/altsyncram.tdf Line: 791
Warning (12125): Using design file timing.bdf, which is not specified as a design file for the current project, but contains definitions for 1 design units and 1 entities in project
    Info (12023): Found entity 1: Timing
Info (12128): Elaborating entity "Timing" for hierarchy "Timing:inst20"
Info (12128): Elaborating entity "21mux" for hierarchy "Timing:inst20|21mux:inst10"
Info (12130): Elaborated megafunction instantiation "Timing:inst20|21mux:inst10"
Warning (12125): Using design file uarreg.bdf, which is not specified as a design file for the current project, but contains definitions for 1 design units and 1 entities in project
    Info (12023): Found entity 1: uARReg
Info (12128): Elaborating entity "uARReg" for hierarchy "uARReg:inst27"
Warning (12125): Using design file ucontrol.bdf, which is not specified as a design file for the current project, but contains definitions for 1 design units and 1 entities in project
    Info (12023): Found entity 1: uControl
Info (12128): Elaborating entity "uControl" for hierarchy "uControl:inst26"
Warning (12125): Using design file alu2130.bdf, which is not specified as a design file for the current project, but contains definitions for 1 design units and 1 entities in project
    Info (12023): Found entity 1: alu2130
Info (12128): Elaborating entity "alu2130" for hierarchy "alu2130:inst37"
Info (12128): Elaborating entity "74181" for hierarchy "alu2130:inst37|74181:inst"
Info (12130): Elaborated megafunction instantiation "alu2130:inst37|74181:inst"
Warning (12125): Using design file register2130.bdf, which is not specified as a design file for the current project, but contains definitions for 1 design units and 1 entities in project
    Info (12023): Found entity 1: register2130
Info (12128): Elaborating entity "register2130" for hierarchy "register2130:inst24"
Warning (12125): Using design file decodea.bdf, which is not specified as a design file for the current project, but contains definitions for 1 design units and 1 entities in project
    Info (12023): Found entity 1: decodea
Info (12128): Elaborating entity "decodea" for hierarchy "decodea:inst13"
Warning (12125): Using design file mux2130.v, which is not specified as a design file for the current project, but contains definitions for 1 design units and 1 entities in project
    Info (12023): Found entity 1: mux2130 File: D:/project/Computer2130/mux2130.v Line: 39
Info (12128): Elaborating entity "mux2130" for hierarchy "mux2130:inst1"
Info (12128): Elaborating entity "lpm_mux" for hierarchy "mux2130:inst1|lpm_mux:LPM_MUX_component" File: D:/project/Computer2130/mux2130.v Line: 84
Info (12130): Elaborated megafunction instantiation "mux2130:inst1|lpm_mux:LPM_MUX_component" File: D:/project/Computer2130/mux2130.v Line: 84
Info (12133): Instantiated megafunction "mux2130:inst1|lpm_mux:LPM_MUX_component" with the following parameter: File: D:/project/Computer2130/mux2130.v Line: 84
    Info (12134): Parameter "lpm_size" = "8"
    Info (12134): Parameter "lpm_type" = "LPM_MUX"
    Info (12134): Parameter "lpm_width" = "8"
    Info (12134): Parameter "lpm_widths" = "3"
Info (12021): Found 1 design units, including 1 entities, in source file db/mux_mrc.tdf
    Info (12023): Found entity 1: mux_mrc File: D:/project/Computer2130/db/mux_mrc.tdf Line: 22
Info (12128): Elaborating entity "mux_mrc" for hierarchy "mux2130:inst1|lpm_mux:LPM_MUX_component|mux_mrc:auto_generated" File: c:/intelfpga_lite/17.1/quartus/libraries/megafunctions/lpm_mux.tdf Line: 86
Info (12128): Elaborating entity "LPM_RAM_DQ" for hierarchy "LPM_RAM_DQ:inst17"
Info (12130): Elaborated megafunction instantiation "LPM_RAM_DQ:inst17"
Info (12133): Instantiated megafunction "LPM_RAM_DQ:inst17" with the following parameter:
    Info (12134): Parameter "LPM_OUTDATA" = "UNREGISTERED"
    Info (12134): Parameter "LPM_WIDTH" = "8"
    Info (12134): Parameter "LPM_WIDTHAD" = "8"
Info (12128): Elaborating entity "altram" for hierarchy "LPM_RAM_DQ:inst17|altram:sram" File: c:/intelfpga_lite/17.1/quartus/libraries/megafunctions/lpm_ram_dq.tdf Line: 75
Warning (287001): Assertion warning: altram does not support Cyclone IV E device family -- attempting best-case memory conversions, but power-up states and read during write behavior will be different for Cyclone IV E devices File: c:/intelfpga_lite/17.1/quartus/libraries/megafunctions/altram.tdf Line: 211
Info (12131): Elaborated megafunction instantiation "LPM_RAM_DQ:inst17|altram:sram", which is child of megafunction instantiation "LPM_RAM_DQ:inst17" File: c:/intelfpga_lite/17.1/quartus/libraries/megafunctions/lpm_ram_dq.tdf Line: 75
Info (12128): Elaborating entity "altsyncram" for hierarchy "LPM_RAM_DQ:inst17|altram:sram|altsyncram:ram_block" File: c:/intelfpga_lite/17.1/quartus/libraries/megafunctions/altram.tdf Line: 102
Info (12131): Elaborated megafunction instantiation "LPM_RAM_DQ:inst17|altram:sram|altsyncram:ram_block", which is child of megafunction instantiation "LPM_RAM_DQ:inst17" File: c:/intelfpga_lite/17.1/quartus/libraries/megafunctions/altram.tdf Line: 102
Info (12021): Found 1 design units, including 1 entities, in source file db/altsyncram_ap71.tdf
    Info (12023): Found entity 1: altsyncram_ap71 File: D:/project/Computer2130/db/altsyncram_ap71.tdf Line: 27
Info (12128): Elaborating entity "altsyncram_ap71" for hierarchy "LPM_RAM_DQ:inst17|altram:sram|altsyncram:ram_block|altsyncram_ap71:auto_generated" File: c:/intelfpga_lite/17.1/quartus/libraries/megafunctions/altsyncram.tdf Line: 791
Info (12128): Elaborating entity "BUSMUX" for hierarchy "BUSMUX:inst22"
Info (12130): Elaborated megafunction instantiation "BUSMUX:inst22"
Info (12133): Instantiated megafunction "BUSMUX:inst22" with the following parameter:
    Info (12134): Parameter "WIDTH" = "8"
Info (12128): Elaborating entity "lpm_mux" for hierarchy "BUSMUX:inst22|lpm_mux:$00000" File: c:/intelfpga_lite/17.1/quartus/libraries/megafunctions/busmux.tdf Line: 43
Info (12131): Elaborated megafunction instantiation "BUSMUX:inst22|lpm_mux:$00000", which is child of megafunction instantiation "BUSMUX:inst22" File: c:/intelfpga_lite/17.1/quartus/libraries/megafunctions/busmux.tdf Line: 43
Info (12021): Found 1 design units, including 1 entities, in source file db/mux_erc.tdf
    Info (12023): Found entity 1: mux_erc File: D:/project/Computer2130/db/mux_erc.tdf Line: 22
Info (12128): Elaborating entity "mux_erc" for hierarchy "BUSMUX:inst22|lpm_mux:$00000|mux_erc:auto_generated" File: c:/intelfpga_lite/17.1/quartus/libraries/megafunctions/lpm_mux.tdf Line: 86
Warning (12125): Using design file decodeb.bdf, which is not specified as a design file for the current project, but contains definitions for 1 design units and 1 entities in project
    Info (12023): Found entity 1: decodeb
Info (12128): Elaborating entity "decodeb" for hierarchy "decodeb:inst23"
Warning (12125): Using design file lpm_counter0.v, which is not specified as a design file for the current project, but contains definitions for 1 design units and 1 entities in project
    Info (12023): Found entity 1: lpm_counter0 File: D:/project/Computer2130/lpm_counter0.v Line: 39
Info (12128): Elaborating entity "lpm_counter0" for hierarchy "lpm_counter0:inst18"
Info (12128): Elaborating entity "lpm_counter" for hierarchy "lpm_counter0:inst18|lpm_counter:LPM_COUNTER_component" File: D:/project/Computer2130/lpm_counter0.v Line: 70
Info (12130): Elaborated megafunction instantiation "lpm_counter0:inst18|lpm_counter:LPM_COUNTER_component" File: D:/project/Computer2130/lpm_counter0.v Line: 70
Info (12133): Instantiated megafunction "lpm_counter0:inst18|lpm_counter:LPM_COUNTER_component" with the following parameter: File: D:/project/Computer2130/lpm_counter0.v Line: 70
    Info (12134): Parameter "lpm_direction" = "UP"
    Info (12134): Parameter "lpm_port_updown" = "PORT_UNUSED"
    Info (12134): Parameter "lpm_type" = "LPM_COUNTER"
    Info (12134): Parameter "lpm_width" = "8"
Warning (287001): Assertion warning: Counter will power up to an undefined state.  An asynchronous signal should be asserted before the counter reaches a known state. File: D:/project/Computer2130/db/cntr_b6j.tdf Line: 152
Info (12021): Found 1 design units, including 1 entities, in source file db/cntr_b6j.tdf
    Info (12023): Found entity 1: cntr_b6j File: D:/project/Computer2130/db/cntr_b6j.tdf Line: 27
Info (12128): Elaborating entity "cntr_b6j" for hierarchy "lpm_counter0:inst18|lpm_counter:LPM_COUNTER_component|cntr_b6j:auto_generated" File: c:/intelfpga_lite/17.1/quartus/libraries/megafunctions/lpm_counter.tdf Line: 258
Warning (12125): Using design file decodec.bdf, which is not specified as a design file for the current project, but contains definitions for 1 design units and 1 entities in project
    Info (12023): Found entity 1: decodec
Info (12128): Elaborating entity "decodec" for hierarchy "decodec:inst25"
Warning (12125): Using design file registers_3.bdf, which is not specified as a design file for the current project, but contains definitions for 1 design units and 1 entities in project
    Info (12023): Found entity 1: Registers_3
Info (12128): Elaborating entity "Registers_3" for hierarchy "Registers_3:inst2"
Warning (12125): Using design file regcontrol.bdf, which is not specified as a design file for the current project, but contains definitions for 1 design units and 1 entities in project
    Info (12023): Found entity 1: RegControl
Info (12128): Elaborating entity "RegControl" for hierarchy "RegControl:inst"
Warning (12125): Using design file sheft.vhd, which is not specified as a design file for the current project, but contains definitions for 2 design units and 1 entities in project
    Info (12022): Found design unit 1: SHEFT-behav File: D:/project/Computer2130/sheft.vhd Line: 11
    Info (12023): Found entity 1: SHEFT File: D:/project/Computer2130/sheft.vhd Line: 4
Info (12128): Elaborating entity "SHEFT" for hierarchy "SHEFT:inst16"
Info (12128): Elaborating entity "74148" for hierarchy "74148:inst19"
Info (12130): Elaborated megafunction instantiation "74148:inst19"
Info (13014): Ignored 38 buffer(s)
    Info (13015): Ignored 8 CARRY buffer(s)
    Info (13019): Ignored 30 SOFT buffer(s)
Warning (13044): Always-enabled tri-state buffer(s) removed
    Warning (13045): Converted the fanout from the always-enabled tri-state buffer "lpm_rom:inst29|otri[16]" to the node "M[16]" into a wire File: c:/intelfpga_lite/17.1/quartus/libraries/megafunctions/lpm_rom.tdf Line: 67
    Warning (13045): Converted the fanout from the always-enabled tri-state buffer "lpm_rom:inst29|otri[15]" to the node "M[15]" into a wire File: c:/intelfpga_lite/17.1/quartus/libraries/megafunctions/lpm_rom.tdf Line: 67
    Warning (13045): Converted the fanout from the always-enabled tri-state buffer "lpm_rom:inst29|otri[23]" to the node "M[23]" into a wire File: c:/intelfpga_lite/17.1/quartus/libraries/megafunctions/lpm_rom.tdf Line: 67
    Warning (13045): Converted the fanout from the always-enabled tri-state buffer "lpm_rom:inst29|otri[22]" to the node "M[22]" into a wire File: c:/intelfpga_lite/17.1/quartus/libraries/megafunctions/lpm_rom.tdf Line: 67
    Warning (13045): Converted the fanout from the always-enabled tri-state buffer "lpm_rom:inst29|otri[21]" to the node "M[21]" into a wire File: c:/intelfpga_lite/17.1/quartus/libraries/megafunctions/lpm_rom.tdf Line: 67
    Warning (13045): Converted the fanout from the always-enabled tri-state buffer "lpm_rom:inst29|otri[20]" to the node "M[20]" into a wire File: c:/intelfpga_lite/17.1/quartus/libraries/megafunctions/lpm_rom.tdf Line: 67
    Warning (13045): Converted the fanout from the always-enabled tri-state buffer "lpm_rom:inst29|otri[19]" to the node "M[19]" into a wire File: c:/intelfpga_lite/17.1/quartus/libraries/megafunctions/lpm_rom.tdf Line: 67
    Warning (13045): Converted the fanout from the always-enabled tri-state buffer "lpm_rom:inst29|otri[18]" to the node "M[18]" into a wire File: c:/intelfpga_lite/17.1/quartus/libraries/megafunctions/lpm_rom.tdf Line: 67
    Warning (13045): Converted the fanout from the always-enabled tri-state buffer "lpm_rom:inst29|otri[17]" to the node "M[17]" into a wire File: c:/intelfpga_lite/17.1/quartus/libraries/megafunctions/lpm_rom.tdf Line: 67
    Warning (13045): Converted the fanout from the always-enabled tri-state buffer "lpm_rom:inst29|otri[14]" to the node "M[14]" into a wire File: c:/intelfpga_lite/17.1/quartus/libraries/megafunctions/lpm_rom.tdf Line: 67
    Warning (13045): Converted the fanout from the always-enabled tri-state buffer "lpm_rom:inst29|otri[13]" to the node "M[13]" into a wire File: c:/intelfpga_lite/17.1/quartus/libraries/megafunctions/lpm_rom.tdf Line: 67
    Warning (13045): Converted the fanout from the always-enabled tri-state buffer "lpm_rom:inst29|otri[12]" to the node "M[12]" into a wire File: c:/intelfpga_lite/17.1/quartus/libraries/megafunctions/lpm_rom.tdf Line: 67
    Warning (13045): Converted the fanout from the always-enabled tri-state buffer "lpm_rom:inst29|otri[11]" to the node "M[11]" into a wire File: c:/intelfpga_lite/17.1/quartus/libraries/megafunctions/lpm_rom.tdf Line: 67
    Warning (13045): Converted the fanout from the always-enabled tri-state buffer "lpm_rom:inst29|otri[10]" to the node "M[10]" into a wire File: c:/intelfpga_lite/17.1/quartus/libraries/megafunctions/lpm_rom.tdf Line: 67
    Warning (13045): Converted the fanout from the always-enabled tri-state buffer "lpm_rom:inst29|otri[9]" to the node "M[9]" into a wire File: c:/intelfpga_lite/17.1/quartus/libraries/megafunctions/lpm_rom.tdf Line: 67
    Warning (13045): Converted the fanout from the always-enabled tri-state buffer "lpm_rom:inst29|otri[8]" to the node "M[8]" into a wire File: c:/intelfpga_lite/17.1/quartus/libraries/megafunctions/lpm_rom.tdf Line: 67
    Warning (13045): Converted the fanout from the always-enabled tri-state buffer "lpm_rom:inst29|otri[7]" to the node "M[7]" into a wire File: c:/intelfpga_lite/17.1/quartus/libraries/megafunctions/lpm_rom.tdf Line: 67
    Warning (13045): Converted the fanout from the always-enabled tri-state buffer "lpm_rom:inst29|otri[6]" to the node "M[6]" into a wire File: c:/intelfpga_lite/17.1/quartus/libraries/megafunctions/lpm_rom.tdf Line: 67
    Warning (13045): Converted the fanout from the always-enabled tri-state buffer "lpm_rom:inst29|otri[5]" to the node "M[5]" into a wire File: c:/intelfpga_lite/17.1/quartus/libraries/megafunctions/lpm_rom.tdf Line: 67
    Warning (13045): Converted the fanout from the always-enabled tri-state buffer "lpm_rom:inst29|otri[4]" to the node "M[4]" into a wire File: c:/intelfpga_lite/17.1/quartus/libraries/megafunctions/lpm_rom.tdf Line: 67
    Warning (13045): Converted the fanout from the always-enabled tri-state buffer "lpm_rom:inst29|otri[3]" to the node "M[3]" into a wire File: c:/intelfpga_lite/17.1/quartus/libraries/megafunctions/lpm_rom.tdf Line: 67
    Warning (13045): Converted the fanout from the always-enabled tri-state buffer "lpm_rom:inst29|otri[2]" to the node "M[2]" into a wire File: c:/intelfpga_lite/17.1/quartus/libraries/megafunctions/lpm_rom.tdf Line: 67
    Warning (13045): Converted the fanout from the always-enabled tri-state buffer "lpm_rom:inst29|otri[1]" to the node "M[1]" into a wire File: c:/intelfpga_lite/17.1/quartus/libraries/megafunctions/lpm_rom.tdf Line: 67
    Warning (13045): Converted the fanout from the always-enabled tri-state buffer "lpm_rom:inst29|otri[0]" to the node "M[0]" into a wire File: c:/intelfpga_lite/17.1/quartus/libraries/megafunctions/lpm_rom.tdf Line: 67
    Warning (13045): Converted the fanout from the always-enabled tri-state buffer "lpm_rom:inst29|otri[5]" to the node "uARReg:inst27|inst45" into a wire File: c:/intelfpga_lite/17.1/quartus/libraries/megafunctions/lpm_rom.tdf Line: 67
    Warning (13045): Converted the fanout from the always-enabled tri-state buffer "lpm_rom:inst29|otri[4]" to the node "uARReg:inst27|inst44" into a wire File: c:/intelfpga_lite/17.1/quartus/libraries/megafunctions/lpm_rom.tdf Line: 67
    Warning (13045): Converted the fanout from the always-enabled tri-state buffer "lpm_rom:inst29|otri[3]" to the node "uARReg:inst27|inst43" into a wire File: c:/intelfpga_lite/17.1/quartus/libraries/megafunctions/lpm_rom.tdf Line: 67
    Warning (13045): Converted the fanout from the always-enabled tri-state buffer "lpm_rom:inst29|otri[2]" to the node "uARReg:inst27|inst42" into a wire File: c:/intelfpga_lite/17.1/quartus/libraries/megafunctions/lpm_rom.tdf Line: 67
    Warning (13045): Converted the fanout from the always-enabled tri-state buffer "lpm_rom:inst29|otri[1]" to the node "uARReg:inst27|inst41" into a wire File: c:/intelfpga_lite/17.1/quartus/libraries/megafunctions/lpm_rom.tdf Line: 67
    Warning (13045): Converted the fanout from the always-enabled tri-state buffer "lpm_rom:inst29|otri[0]" to the node "uARReg:inst27|inst40" into a wire File: c:/intelfpga_lite/17.1/quartus/libraries/megafunctions/lpm_rom.tdf Line: 67
Warning (13046): Tri-state node(s) do not directly drive top-level pin(s)
    Warning (13047): Converted the fan-out from the tri-state buffer "lpm_rom:inst29|otri[16]" to the node "decode2_4:inst21|inst6" into an OR gate File: c:/intelfpga_lite/17.1/quartus/libraries/megafunctions/lpm_rom.tdf Line: 67
    Warning (13047): Converted the fan-out from the tri-state buffer "lpm_rom:inst29|otri[15]" to the node "decode2_4:inst21|inst7" into an OR gate File: c:/intelfpga_lite/17.1/quartus/libraries/megafunctions/lpm_rom.tdf Line: 67
    Warning (13047): Converted the fan-out from the tri-state buffer "lpm_rom:inst29|otri[23]" to the node "alu2130:inst37|74181:inst1|46" into an OR gate File: c:/intelfpga_lite/17.1/quartus/libraries/megafunctions/lpm_rom.tdf Line: 67
    Warning (13047): Converted the fan-out from the tri-state buffer "lpm_rom:inst29|otri[22]" to the node "alu2130:inst37|74181:inst1|46" into an OR gate File: c:/intelfpga_lite/17.1/quartus/libraries/megafunctions/lpm_rom.tdf Line: 67
    Warning (13047): Converted the fan-out from the tri-state buffer "lpm_rom:inst29|otri[21]" to the node "alu2130:inst37|74181:inst|12" into an OR gate File: c:/intelfpga_lite/17.1/quartus/libraries/megafunctions/lpm_rom.tdf Line: 67
    Warning (13047): Converted the fan-out from the tri-state buffer "lpm_rom:inst29|otri[20]" to the node "alu2130:inst37|74181:inst|11" into an OR gate File: c:/intelfpga_lite/17.1/quartus/libraries/megafunctions/lpm_rom.tdf Line: 67
    Warning (13047): Converted the fan-out from the tri-state buffer "lpm_rom:inst29|otri[19]" to the node "alu2130:inst37|74181:inst1|66" into an OR gate File: c:/intelfpga_lite/17.1/quartus/libraries/megafunctions/lpm_rom.tdf Line: 67
    Warning (13047): Converted the fan-out from the tri-state buffer "lpm_rom:inst29|otri[18]" to the node "alu2130:inst37|74181:inst1|66" into an OR gate File: c:/intelfpga_lite/17.1/quartus/libraries/megafunctions/lpm_rom.tdf Line: 67
    Warning (13047): Converted the fan-out from the tri-state buffer "lpm_rom:inst29|otri[17]" to the node "lpm_ram_dq:inst17|altram:sram|altsyncram:ram_block|altsyncram_ap71:auto_generated|q_a[0]" into an OR gate File: c:/intelfpga_lite/17.1/quartus/libraries/megafunctions/lpm_rom.tdf Line: 67
    Warning (13047): Converted the fan-out from the tri-state buffer "lpm_rom:inst29|otri[14]" to the node "decodea:inst13|inst" into an OR gate File: c:/intelfpga_lite/17.1/quartus/libraries/megafunctions/lpm_rom.tdf Line: 67
    Warning (13047): Converted the fan-out from the tri-state buffer "lpm_rom:inst29|otri[13]" to the node "decodea:inst13|inst" into an OR gate File: c:/intelfpga_lite/17.1/quartus/libraries/megafunctions/lpm_rom.tdf Line: 67
    Warning (13047): Converted the fan-out from the tri-state buffer "lpm_rom:inst29|otri[12]" to the node "decodea:inst13|inst" into an OR gate File: c:/intelfpga_lite/17.1/quartus/libraries/megafunctions/lpm_rom.tdf Line: 67
    Warning (13047): Converted the fan-out from the tri-state buffer "lpm_rom:inst29|otri[11]" to the node "decodeb:inst23|inst" into an OR gate File: c:/intelfpga_lite/17.1/quartus/libraries/megafunctions/lpm_rom.tdf Line: 67
    Warning (13047): Converted the fan-out from the tri-state buffer "lpm_rom:inst29|otri[10]" to the node "decodeb:inst23|inst" into an OR gate File: c:/intelfpga_lite/17.1/quartus/libraries/megafunctions/lpm_rom.tdf Line: 67
    Warning (13047): Converted the fan-out from the tri-state buffer "lpm_rom:inst29|otri[9]" to the node "decodeb:inst23|inst" into an OR gate File: c:/intelfpga_lite/17.1/quartus/libraries/megafunctions/lpm_rom.tdf Line: 67
    Warning (13047): Converted the fan-out from the tri-state buffer "lpm_rom:inst29|otri[8]" to the node "decodec:inst25|inst" into an OR gate File: c:/intelfpga_lite/17.1/quartus/libraries/megafunctions/lpm_rom.tdf Line: 67
    Warning (13047): Converted the fan-out from the tri-state buffer "lpm_rom:inst29|otri[7]" to the node "decodec:inst25|inst" into an OR gate File: c:/intelfpga_lite/17.1/quartus/libraries/megafunctions/lpm_rom.tdf Line: 67
    Warning (13047): Converted the fan-out from the tri-state buffer "lpm_rom:inst29|otri[6]" to the node "decodec:inst25|inst" into an OR gate File: c:/intelfpga_lite/17.1/quartus/libraries/megafunctions/lpm_rom.tdf Line: 67
Warning (13004): Presettable and clearable registers converted to equivalent circuits with latches. Registers power-up to an undefined state, and DEVCLRn places the registers in an undefined state.
    Warning (13310): Register "uARReg:inst27|inst44" is converted into an equivalent circuit using register "uARReg:inst27|inst44~_emulated" and latch "uARReg:inst27|inst44~1"
    Warning (13310): Register "uARReg:inst27|inst43" is converted into an equivalent circuit using register "uARReg:inst27|inst43~_emulated" and latch "uARReg:inst27|inst43~1"
    Warning (13310): Register "uARReg:inst27|inst42" is converted into an equivalent circuit using register "uARReg:inst27|inst42~_emulated" and latch "uARReg:inst27|inst42~1"
    Warning (13310): Register "uARReg:inst27|inst41" is converted into an equivalent circuit using register "uARReg:inst27|inst41~_emulated" and latch "uARReg:inst27|inst41~1"
    Warning (13310): Register "uARReg:inst27|inst40" is converted into an equivalent circuit using register "uARReg:inst27|inst40~_emulated" and latch "uARReg:inst27|inst40~1"
Info (286030): Timing-Driven Synthesis is running
Info (16010): Generating hard_block partition "hard_block:auto_generated_inst"
    Info (16011): Adding 0 node(s), including 0 DDIO, 0 PLL, 0 transceiver and 0 LCELL
Info (21057): Implemented 422 device resources after synthesis - the final resource count might be different
    Info (21058): Implemented 13 input pins
    Info (21059): Implemented 93 output pins
    Info (21061): Implemented 284 logic cells
    Info (21064): Implemented 32 RAM segments
Info: Quartus Prime Analysis & Synthesis was successful. 0 errors, 74 warnings
    Info: Peak virtual memory: 4826 megabytes
    Info: Processing ended: Mon Nov 21 20:06:44 2022
    Info: Elapsed time: 00:00:14
    Info: Total CPU time (on all processors): 00:00:24


